{"name": "test_lambdatest_simple_form_demo", "status": "broken", "statusDetails": {"message": "selenium.common.exceptions.NoSuchElementException: Message: no such element: Unable to locate element: {\"method\":\"xpath\",\"selector\":\"//input[@id='user.message']\"}\n  (Session info: chrome=121.0.6167.86); For documentation on this error, please visit: https://www.selenium.dev/documentation/webdriver/troubleshooting/errors#no-such-element-exception\nStacktrace:\n\tGetHandleVerifier [0x00007FF676245E42+3538674]\n\t(No symbol) [0x00007FF675E64C02]\n\t(No symbol) [0x00007FF675D15AEB]\n\t(No symbol) [0x00007FF675D5BF4E]\n\t(No symbol) [0x00007FF675D5C0CC]\n\t(No symbol) [0x00007FF675D9E477]\n\t(No symbol) [0x00007FF675D7F0EF]\n\t(No symbol) [0x00007FF675D9BDE3]\n\t(No symbol) [0x00007FF675D7EE53]\n\t(No symbol) [0x00007FF675D4F514]\n\t(No symbol) [0x00007FF675D50631]\n\tGetHandleVerifier [0x00007FF676276CAD+3738973]\n\tGetHandleVerifier [0x00007FF6762CC506+4089270]\n\tGetHandleVerifier [0x00007FF6762C4823+4057299]\n\tGetHandleVerifier [0x00007FF675F95C49+720121]\n\t(No symbol) [0x00007FF675E7126F]\n\t(No symbol) [0x00007FF675E6C304]\n\t(No symbol) [0x00007FF675E6C432]\n\t(No symbol) [0x00007FF675E5BD04]\n\tBaseThreadInitThunk [0x00007FFD1D687344+20]\n\tRtlUserThreadStart [0x00007FFD1E2C26B1+33]", "trace": "def test_lambdatest_simple_form_demo():\n        driver = webdriver.Chrome()\n        driver.maximize_window()\n        driver.get(\"https://www.lambdatest.com/selenium-playground/simple-form-demo\")\n>       driver.find_element(By.XPATH,\n        \"//input[@id='user.message']\")\\\n        .send_keys(\"Pytest Is A Test Framework\")\n\nDEMOPytest\\test_multiple_subset_form.py:9: \n_ _ _ _ _ _ _ _ _ _ _ _ _ _ _ _ _ _ _ _ _ _ _ _ _ _ _ _ _ _ _ _ _ _ _ _ _ _ _ _ _ _ _ _ _ _ _ _ _ _ _ _ _ _ _ _ _ _ _ _ _ _ _ _ _ _ _ _ _ _ _ _ _ _ _ _ _ _ _ _ _ _ _ _ _ _ _ _ _ _ _ _ _ _ _ _ _ _ _ _ _ _ _ _ _ _ _ _ _ _ _ _ _ _\n.venv\\Lib\\site-packages\\selenium\\webdriver\\remote\\webdriver.py:741: in find_element\n    return self.execute(Command.FIND_ELEMENT, {\"using\": by, \"value\": value})[\"value\"]\n.venv\\Lib\\site-packages\\selenium\\webdriver\\remote\\webdriver.py:347: in execute\n    self.error_handler.check_response(response)\n_ _ _ _ _ _ _ _ _ _ _ _ _ _ _ _ _ _ _ _ _ _ _ _ _ _ _ _ _ _ _ _ _ _ _ _ _ _ _ _ _ _ _ _ _ _ _ _ _ _ _ _ _ _ _ _ _ _ _ _ _ _ _ _ _ _ _ _ _ _ _ _ _ _ _ _ _ _ _ _ _ _ _ _ _ _ _ _ _ _ _ _ _ _ _ _ _ _ _ _ _ _ _ _ _ _ _ _ _ _ _ _ _ _\n\nself = <selenium.webdriver.remote.errorhandler.ErrorHandler object at 0x000001DB062C7350>\nresponse = {'status': 404, 'value': '{\"value\":{\"error\":\"no such element\",\"message\":\"no such element: Unable to locate element: {\\...07FF675E5BD04]\\\\n\\\\tBaseThreadInitThunk [0x00007FFD1D687344+20]\\\\n\\\\tRtlUserThreadStart [0x00007FFD1E2C26B1+33]\\\\n\"}}'}\n\n    def check_response(self, response: Dict[str, Any]) -> None:\n        \"\"\"Checks that a JSON response from the WebDriver does not have an\n        error.\n    \n        :Args:\n         - response - The JSON response from the WebDriver server as a dictionary\n           object.\n    \n        :Raises: If the response contains an error message.\n        \"\"\"\n        status = response.get(\"status\", None)\n        if not status or status == ErrorCode.SUCCESS:\n            return\n        value = None\n        message = response.get(\"message\", \"\")\n        screen: str = response.get(\"screen\", \"\")\n        stacktrace = None\n        if isinstance(status, int):\n            value_json = response.get(\"value\", None)\n            if value_json and isinstance(value_json, str):\n                import json\n    \n                try:\n                    value = json.loads(value_json)\n                    if len(value) == 1:\n                        value = value[\"value\"]\n                    status = value.get(\"error\", None)\n                    if not status:\n                        status = value.get(\"status\", ErrorCode.UNKNOWN_ERROR)\n                        message = value.get(\"value\") or value.get(\"message\")\n                        if not isinstance(message, str):\n                            value = message\n                            message = message.get(\"message\")\n                    else:\n                        message = value.get(\"message\", None)\n                except ValueError:\n                    pass\n    \n        exception_class: Type[WebDriverException]\n        e = ErrorCode()\n        error_codes = [item for item in dir(e) if not item.startswith(\"__\")]\n        for error_code in error_codes:\n            error_info = getattr(ErrorCode, error_code)\n            if isinstance(error_info, list) and status in error_info:\n                exception_class = getattr(ExceptionMapping, error_code, WebDriverException)\n                break\n        else:\n            exception_class = WebDriverException\n    \n        if not value:\n            value = response[\"value\"]\n        if isinstance(value, str):\n            raise exception_class(value)\n        if message == \"\" and \"message\" in value:\n            message = value[\"message\"]\n    \n        screen = None  # type: ignore[assignment]\n        if \"screen\" in value:\n            screen = value[\"screen\"]\n    \n        stacktrace = None\n        st_value = value.get(\"stackTrace\") or value.get(\"stacktrace\")\n        if st_value:\n            if isinstance(st_value, str):\n                stacktrace = st_value.split(\"\\n\")\n            else:\n                stacktrace = []\n                try:\n                    for frame in st_value:\n                        line = frame.get(\"lineNumber\", \"\")\n                        file = frame.get(\"fileName\", \"<anonymous>\")\n                        if line:\n                            file = f\"{file}:{line}\"\n                        meth = frame.get(\"methodName\", \"<anonymous>\")\n                        if \"className\" in frame:\n                            meth = f\"{frame['className']}.{meth}\"\n                        msg = \"    at %s (%s)\"\n                        msg = msg % (meth, file)\n                        stacktrace.append(msg)\n                except TypeError:\n                    pass\n        if exception_class == UnexpectedAlertPresentException:\n            alert_text = None\n            if \"data\" in value:\n                alert_text = value[\"data\"].get(\"text\")\n            elif \"alert\" in value:\n                alert_text = value[\"alert\"].get(\"text\")\n            raise exception_class(message, screen, stacktrace, alert_text)  # type: ignore[call-arg]  # mypy is not smart enough here\n>       raise exception_class(message, screen, stacktrace)\nE       selenium.common.exceptions.NoSuchElementException: Message: no such element: Unable to locate element: {\"method\":\"xpath\",\"selector\":\"//input[@id='user.message']\"}\nE         (Session info: chrome=121.0.6167.86); For documentation on this error, please visit: https://www.selenium.dev/documentation/webdriver/troubleshooting/errors#no-such-element-exception\nE       Stacktrace:\nE       \tGetHandleVerifier [0x00007FF676245E42+3538674]\nE       \t(No symbol) [0x00007FF675E64C02]\nE       \t(No symbol) [0x00007FF675D15AEB]\nE       \t(No symbol) [0x00007FF675D5BF4E]\nE       \t(No symbol) [0x00007FF675D5C0CC]\nE       \t(No symbol) [0x00007FF675D9E477]\nE       \t(No symbol) [0x00007FF675D7F0EF]\nE       \t(No symbol) [0x00007FF675D9BDE3]\nE       \t(No symbol) [0x00007FF675D7EE53]\nE       \t(No symbol) [0x00007FF675D4F514]\nE       \t(No symbol) [0x00007FF675D50631]\nE       \tGetHandleVerifier [0x00007FF676276CAD+3738973]\nE       \tGetHandleVerifier [0x00007FF6762CC506+4089270]\nE       \tGetHandleVerifier [0x00007FF6762C4823+4057299]\nE       \tGetHandleVerifier [0x00007FF675F95C49+720121]\nE       \t(No symbol) [0x00007FF675E7126F]\nE       \t(No symbol) [0x00007FF675E6C304]\nE       \t(No symbol) [0x00007FF675E6C432]\nE       \t(No symbol) [0x00007FF675E5BD04]\nE       \tBaseThreadInitThunk [0x00007FFD1D687344+20]\nE       \tRtlUserThreadStart [0x00007FFD1E2C26B1+33]\n\n.venv\\Lib\\site-packages\\selenium\\webdriver\\remote\\errorhandler.py:229: NoSuchElementException"}, "start": 1706622413143, "stop": 1706622415816, "uuid": "823559e0-0f4c-48a6-9858-a1438294b3d0", "historyId": "cc03957c156d053465198d8a67b8b4b1", "testCaseId": "cc03957c156d053465198d8a67b8b4b1", "fullName": "DEMOPytest.test_multiple_subset_form#test_lambdatest_simple_form_demo", "labels": [{"name": "parentSuite", "value": "DEMOPytest"}, {"name": "suite", "value": "test_multiple_subset_form"}, {"name": "host", "value": "L500970-MX"}, {"name": "thread", "value": "11580-MainThread"}, {"name": "framework", "value": "pytest"}, {"name": "language", "value": "cpython3"}, {"name": "package", "value": "DEMOPytest.test_multiple_subset_form"}]}