{"name": "test_lambdatest_two_input_fields[122.4-38.6-161]", "status": "failed", "statusDetails": {"message": "AssertionError: Actual & Expected Total Do Not Match\nassert '161' == '160'\n  - 160\n  + 161", "trace": "num1 = '122.4', num2 = '38.6', expected_total = '161'\n\n    @pytest.mark.parametrize(\"num1, num2, expected_total\",\n                             [\n                                 (\"10\", \"10\", \"20\"),\n                                 (\"25\", \"25\", \"50\"),\n                                 (\"40\", \"30\", \"70\"),\n                                 (\"122.4\", \"38.6\", \"161\"),\n                                 (\"7\", \"43\", \"50\"),\n                                 (\"15\", \"15\", \"30\")\n                             ])\n    def test_lambdatest_two_input_fields(num1, num2, expected_total):\n        driver = webdriver.Chrome()\n        driver.maximize_window()\n        driver.get(\"https://www.lambdatest.com/selenium-playground/simple-form-demo\")\n        driver.find_element(By.ID, (\"sum1\")).send_keys(num1)\n        driver.find_element(By.ID, (\"sum2\")).send_keys(num2)\n        driver.find_element(By.XPATH, (\"//button[contains(text(), 'Get Sum')]\")).click()\n        actual_result = driver.find_element(By.ID, \"addmessage\").text\n>       assert expected_total == actual_result, \"Actual & Expected Total Do Not Match\"\nE       AssertionError: Actual & Expected Total Do Not Match\nE       assert '161' == '160'\nE         - 160\nE         + 161\n\nDEMOPytest\\test_parameters_1.py:25: AssertionError"}, "parameters": [{"name": "num1", "value": "'122.4'"}, {"name": "num2", "value": "'38.6'"}, {"name": "expected_total", "value": "'161'"}], "start": 1706622434293, "stop": 1706622437121, "uuid": "d628d10c-4520-4ce6-9068-e7a0a5f65cdc", "historyId": "5d60ece36b152f5b2f20c05c68e92f2c", "testCaseId": "100e0f0f490c2f38860fc444f5d3603b", "fullName": "DEMOPytest.test_parameters_1#test_lambdatest_two_input_fields", "labels": [{"name": "parentSuite", "value": "DEMOPytest"}, {"name": "suite", "value": "test_parameters_1"}, {"name": "host", "value": "L500970-MX"}, {"name": "thread", "value": "11580-MainThread"}, {"name": "framework", "value": "pytest"}, {"name": "language", "value": "cpython3"}, {"name": "package", "value": "DEMOPytest.test_parameters_1"}]}